select nextval ('hibernate_sequence');
insert into company (version, description, image_key, name, type, id) values (0, 'Industry Fusion e.V.', 'ificon', 'Industry Fusion', 'ECOSYSTEM_MANAGER', 1);
select nextval ('hibernate_sequence');
insert into company (version, description, image_key, name, type, id) values (0, 'Airist GmbH', 'airicon', 'Airist', 'MACHINE_MANUFACTURER', 2);
select nextval ('hibernate_sequence');
insert into company (version, description, image_key, name, type, id) values (0, 'Laserly GmbH', 'lasicon', 'Laserly', 'MACHINE_MANUFACTURER', 3);
select nextval ('hibernate_sequence');
insert into company (version, description, image_key, name, type, id) values (0, 'Steelgrade GmbH', 'mcicon', 'Steelgrade', 'MACHINE_CUSTOMER', 4);
select nextval ('hibernate_sequence');
insert into company (version, description, image_key, name, type, id) values (0, 'Struump GmbH', 'mcicon', 'Struump', 'MACHINE_CUSTOMER', 5);
select nextval ('hibernate_sequence');
insert into company (version, description, image_key, name, type, id) values (0, 'Random 1 GmbH', 'ricon1', 'Random 1', 'MACHINE_CUSTOMER', 6);
select nextval ('hibernate_sequence');
insert into company (version, description, image_key, name, type, id) values (0, 'Random 2 GmbH', 'ricon2', 'Random 2', 'MACHINE_CUSTOMER', 7);
select nextval ('hibernate_sequence');
insert into company (version, description, image_key, name, type, id) values (0, 'Random 3 GmbH', 'ricon3', 'Random 3', 'MACHINE_CUSTOMER', 8);
select nextval ('hibernate_sequence');
insert into company (version, description, image_key, name, type, id) values (0, 'Random 4 GmbH', 'ricon4', 'Random 4', 'MACHINE_CUSTOMER', 9);
select nextval ('hibernate_sequence');
insert into company (version, description, image_key, name, type, id) values (0, 'Random 5 GmbH', 'ricon5', 'Random 5', 'MACHINE_CUSTOMER', 10);
select nextval ('hibernate_sequence');
insert into company (version, description, image_key, name, type, id) values (0, 'Random 6 GmbH', 'ricon6', 'Random 6', 'MACHINE_CUSTOMER', 11);
select nextval ('hibernate_sequence');
insert into company (version, description, image_key, name, type, id) values (0, 'Random 7 GmbH', 'ricon7', 'Random 7', 'MACHINE_CUSTOMER', 12);
select nextval ('hibernate_sequence');
insert into company (version, description, image_key, name, type, id) values (0, 'Random 8 GmbH', 'ricon8', 'Random 8', 'MACHINE_CUSTOMER', 13);
select nextval ('hibernate_sequence');
insert into company (version, description, image_key, name, type, id) values (0, 'Random 9 GmbH', 'ricon9', 'Random 9', 'MACHINE_CUSTOMER', 14);
select nextval ('hibernate_sequence');
insert into company (version, description, image_key, name, type, id) values (0, 'Random 10 GmbH', 'ricon10', 'Random 10', 'MACHINE_CUSTOMER', 15);
select nextval ('hibernate_sequence');
insert into location (version, city, company_id, country, image_key, latitude, line1, line2, longitude, name, type, zip, id) values (0, 'Gräfelfing', 5, 'Germany', NULL, 48.127936, 'Sudetenstr. 1001', 'Rückgebäude', 11.604835, 'World Headquarter', 'HEADQUARTER', '90011', 16);
select nextval ('hibernate_sequence');
insert into location (version, city, company_id, country, image_key, latitude, line1, line2, longitude, name, type, zip, id) values (0, 'Lindau', 5, 'Germany', NULL, 48.024522, 'Kerrystr. 2001', 'Hinterhof', 11.679882, 'Landau', 'FABRICATION', '10011', 17);
select nextval ('hibernate_sequence');
insert into location (version, city, company_id, country, image_key, latitude, line1, line2, longitude, name, type, zip, id) values (0, 'Spandau', 5, 'Germany', NULL, 48.024522, 'Clarestr. 2001', 'Hintermhof', 11.679882, 'Spandau Random 1', 'FABRICATION', '10011', 18);
select nextval ('hibernate_sequence');
insert into location (version, city, company_id, country, image_key, latitude, line1, line2, longitude, name, type, zip, id) values (0, 'Spandau', 5, 'Germany', NULL, 48.024522, 'Clarestr. 2001', 'Hintermhof', 11.679882, 'Spandau Random 2', 'FABRICATION', '10011', 19);
select nextval ('hibernate_sequence');
insert into location (version, city, company_id, country, image_key, latitude, line1, line2, longitude, name, type, zip, id) values (0, 'Spandau', 5, 'Germany', NULL, 48.024522, 'Clarestr. 2001', 'Hintermhof', 11.679882, 'Spandau Random 3', 'FABRICATION', '10011', 20);
select nextval ('hibernate_sequence');
insert into location (version, city, company_id, country, image_key, latitude, line1, line2, longitude, name, type, zip, id) values (0, 'Spandau', 5, 'Germany', NULL, 48.024522, 'Clarestr. 2001', 'Hintermhof', 11.679882, 'Spandau Random 4', 'FABRICATION', '10011', 21);
select nextval ('hibernate_sequence');
insert into location (version, city, company_id, country, image_key, latitude, line1, line2, longitude, name, type, zip, id) values (0, 'Spandau', 5, 'Germany', NULL, 48.024522, 'Clarestr. 2001', 'Hintermhof', 11.679882, 'Spandau Random 5', 'FABRICATION', '10011', 22);
select nextval ('hibernate_sequence');
insert into location (version, city, company_id, country, image_key, latitude, line1, line2, longitude, name, type, zip, id) values (0, 'Spandau', 5, 'Germany', NULL, 48.024522, 'Clarestr. 2001', 'Hintermhof', 11.679882, 'Spandau Random 6', 'FABRICATION', '10011', 23);
select nextval ('hibernate_sequence');
insert into location (version, city, company_id, country, image_key, latitude, line1, line2, longitude, name, type, zip, id) values (0, 'Spandau', 5, 'Germany', NULL, 48.024522, 'Clarestr. 2001', 'Hintermhof', 11.679882, 'Spandau Random 7', 'FABRICATION', '10011', 24);
select nextval ('hibernate_sequence');
insert into location (version, city, company_id, country, image_key, latitude, line1, line2, longitude, name, type, zip, id) values (0, 'Spandau', 5, 'Germany', NULL, 48.024522, 'Clarestr. 2001', 'Hintermhof', 11.679882, 'Spandau Random 8', 'FABRICATION', '10011', 25);
select nextval ('hibernate_sequence');
insert into location (version, city, company_id, country, image_key, latitude, line1, line2, longitude, name, type, zip, id) values (0, 'Spandau', 5, 'Germany', NULL, 48.024522, 'Clarestr. 2001', 'Hintermhof', 11.679882, 'Spandau Random 9', 'FABRICATION', '10011', 26);
select nextval ('hibernate_sequence');
insert into location (version, city, company_id, country, image_key, latitude, line1, line2, longitude, name, type, zip, id) values (0, 'Spandau', 5, 'Germany', NULL, 48.024522, 'Clarestr. 2001', 'Hintermhof', 11.679882, 'Spandau Random 10', 'FABRICATION', '10011', 27);
select nextval ('hibernate_sequence');
insert into room (version, image_key, location_id, name, id) values (0, NULL, 17, 'Shop Floor East', 28);
select nextval ('hibernate_sequence');
insert into room (version, image_key, location_id, name, id) values (0, NULL, 17, 'Shop Floor West', 29);
select nextval ('hibernate_sequence');
insert into room (version, image_key, location_id, name, id) values (0, NULL, 17, 'Shop Floor 1', 30);
select nextval ('hibernate_sequence');
insert into room (version, image_key, location_id, name, id) values (0, NULL, 17, 'Shop Floor 2', 31);
select nextval ('hibernate_sequence');
insert into room (version, image_key, location_id, name, id) values (0, NULL, 17, 'Shop Floor 3', 32);
select nextval ('hibernate_sequence');
insert into room (version, image_key, location_id, name, id) values (0, NULL, 17, 'Shop Floor 4', 33);
select nextval ('hibernate_sequence');
insert into room (version, image_key, location_id, name, id) values (0, NULL, 17, 'Shop Floor 5', 34);
select nextval ('hibernate_sequence');
insert into room (version, image_key, location_id, name, id) values (0, NULL, 17, 'Shop Floor 6', 35);
select nextval ('hibernate_sequence');
insert into room (version, image_key, location_id, name, id) values (0, NULL, 17, 'Shop Floor 7', 36);
select nextval ('hibernate_sequence');
insert into room (version, image_key, location_id, name, id) values (0, NULL, 17, 'Shop Floor 8', 37);
select nextval ('hibernate_sequence');
insert into room (version, image_key, location_id, name, id) values (0, NULL, 17, 'Shop Floor 9', 38);
select nextval ('hibernate_sequence');
insert into room (version, image_key, location_id, name, id) values (0, NULL, 17, 'Shop Floor 10', 39);
select nextval ('hibernate_sequence');
insert into asset_type_template (version, ac_frequency, category, ce_certified, connection_voltage, construction_date, description, electrical_rating, guid, handbook_key, image_key, installation_date, max_operating_current, model_name, name, protection_class, serial_number, series_name, video_key, company_id, id) values (0, 100.0, 'Gas Supply', true, 240.0, '2019-11-22T18:08:51.185+0100', 'ATT Gas Supply', 1.0, '1224373c-6075-41c6-a2db-e3a64f027a44', 'genericgashandbookkey', 'genericgasimagekey', '2019-11-22T18:08:51.185+0100', 10.0, 'Gas Supply', 'Gas Supply', '1c', '41234123', 'Gas Supply', 'genericgasvideokey', 1, 40);
select nextval ('hibernate_sequence');
insert into asset_type_template (version, ac_frequency, category, ce_certified, connection_voltage, construction_date, description, electrical_rating, guid, handbook_key, image_key, installation_date, max_operating_current, model_name, name, protection_class, serial_number, series_name, video_key, company_id, id) values (0, 100.0, 'Laser Cutter', true, 240.0, '2019-11-22T18:08:51.736+0100', 'ATT Laser Cutter', 1.0, '1decd33e-0537-49fd-878a-fbf0b5dd5ba5', 'genericcutterhandbookkey', 'genericcutterimagekey', '2019-11-22T18:08:51.736+0100', 10.0, 'Laser Cutter', 'Laser Cutter', '1c', '7456435', 'Laser Cutter', 'genericcuttervideokey', 1, 41);
select nextval ('hibernate_sequence');
insert into asset_type_template (version, ac_frequency, category, ce_certified, connection_voltage, construction_date, description, electrical_rating, guid, handbook_key, image_key, installation_date, max_operating_current, model_name, name, protection_class, serial_number, series_name, video_key, company_id, id) values (0, 100.0, 'Laser Cutter1', true, 240.0, '2019-11-22T18:08:52.138+0100', 'ATT Laser Cutter1', 1.0, 'a982998b-3b15-4d35-9239-79b0622ffe11', 'genericcutterhandbookkey1', 'genericcutterimagekey1', '2019-11-22T18:08:52.138+0100', 10.0, 'Laser Cutter', 'Laser Cutter 1', '1c', '74564351', 'Laser Cutter', 'genericcuttervideokey1', 1, 42);
select nextval ('hibernate_sequence');
insert into asset_type_template (version, ac_frequency, category, ce_certified, connection_voltage, construction_date, description, electrical_rating, guid, handbook_key, image_key, installation_date, max_operating_current, model_name, name, protection_class, serial_number, series_name, video_key, company_id, id) values (0, 100.0, 'Laser Cutter2', true, 240.0, '2019-11-22T18:08:52.633+0100', 'ATT Laser Cutter2', 1.0, 'c6f3a989-d67a-43ef-a091-b4470b9b21f1', 'genericcutterhandbookkey2', 'genericcutterimagekey2', '2019-11-22T18:08:52.633+0100', 10.0, 'Laser Cutter', 'Laser Cutter 2', '1c', '74564352', 'Laser Cutter', 'genericcuttervideokey2', 1, 43);
select nextval ('hibernate_sequence');
insert into asset_type_template (version, ac_frequency, category, ce_certified, connection_voltage, construction_date, description, electrical_rating, guid, handbook_key, image_key, installation_date, max_operating_current, model_name, name, protection_class, serial_number, series_name, video_key, company_id, id) values (0, 100.0, 'Laser Cutter3', true, 240.0, '2019-11-22T18:08:53.123+0100', 'ATT Laser Cutter3', 1.0, '21da4b93-3984-4cc1-9fda-65985cdd91b4', 'genericcutterhandbookkey3', 'genericcutterimagekey3', '2019-11-22T18:08:53.123+0100', 10.0, 'Laser Cutter', 'Laser Cutter 3', '1c', '74564353', 'Laser Cutter', 'genericcuttervideokey3', 1, 44);
select nextval ('hibernate_sequence');
insert into asset_type_template (version, ac_frequency, category, ce_certified, connection_voltage, construction_date, description, electrical_rating, guid, handbook_key, image_key, installation_date, max_operating_current, model_name, name, protection_class, serial_number, series_name, video_key, company_id, id) values (0, 100.0, 'Laser Cutter4', true, 240.0, '2019-11-22T18:08:53.588+0100', 'ATT Laser Cutter4', 1.0, '98208304-103b-468e-a5d6-e1915705b769', 'genericcutterhandbookkey4', 'genericcutterimagekey4', '2019-11-22T18:08:53.588+0100', 10.0, 'Laser Cutter', 'Laser Cutter 4', '1c', '74564354', 'Laser Cutter', 'genericcuttervideokey4', 1, 45);
select nextval ('hibernate_sequence');
insert into asset_type_template (version, ac_frequency, category, ce_certified, connection_voltage, construction_date, description, electrical_rating, guid, handbook_key, image_key, installation_date, max_operating_current, model_name, name, protection_class, serial_number, series_name, video_key, company_id, id) values (0, 100.0, 'Laser Cutter5', true, 240.0, '2019-11-22T18:08:53.996+0100', 'ATT Laser Cutter5', 1.0, '948dc6ef-a456-4fb8-8c6f-c9f5fb6cf14b', 'genericcutterhandbookkey5', 'genericcutterimagekey5', '2019-11-22T18:08:53.996+0100', 10.0, 'Laser Cutter', 'Laser Cutter 5', '1c', '74564355', 'Laser Cutter', 'genericcuttervideokey5', 1, 46);
select nextval ('hibernate_sequence');
insert into asset_type_template (version, ac_frequency, category, ce_certified, connection_voltage, construction_date, description, electrical_rating, guid, handbook_key, image_key, installation_date, max_operating_current, model_name, name, protection_class, serial_number, series_name, video_key, company_id, id) values (0, 100.0, 'Laser Cutter6', true, 240.0, '2019-11-22T18:08:54.395+0100', 'ATT Laser Cutter6', 1.0, 'c402d05a-c0da-4b97-9509-297c6d3fa0e1', 'genericcutterhandbookkey6', 'genericcutterimagekey6', '2019-11-22T18:08:54.395+0100', 10.0, 'Laser Cutter', 'Laser Cutter 6', '1c', '74564356', 'Laser Cutter', 'genericcuttervideokey6', 1, 47);
select nextval ('hibernate_sequence');
insert into asset_type_template (version, ac_frequency, category, ce_certified, connection_voltage, construction_date, description, electrical_rating, guid, handbook_key, image_key, installation_date, max_operating_current, model_name, name, protection_class, serial_number, series_name, video_key, company_id, id) values (0, 100.0, 'Laser Cutter7', true, 240.0, '2019-11-22T18:08:54.782+0100', 'ATT Laser Cutter7', 1.0, '56fd6abc-6375-434c-9e60-dd766d7b45f3', 'genericcutterhandbookkey7', 'genericcutterimagekey7', '2019-11-22T18:08:54.782+0100', 10.0, 'Laser Cutter', 'Laser Cutter 7', '1c', '74564357', 'Laser Cutter', 'genericcuttervideokey7', 1, 48);
select nextval ('hibernate_sequence');
insert into asset_type_template (version, ac_frequency, category, ce_certified, connection_voltage, construction_date, description, electrical_rating, guid, handbook_key, image_key, installation_date, max_operating_current, model_name, name, protection_class, serial_number, series_name, video_key, company_id, id) values (0, 100.0, 'Laser Cutter8', true, 240.0, '2019-11-22T18:08:55.203+0100', 'ATT Laser Cutter8', 1.0, '2e8f168f-0cf2-488f-8529-e6422b18d356', 'genericcutterhandbookkey8', 'genericcutterimagekey8', '2019-11-22T18:08:55.203+0100', 10.0, 'Laser Cutter', 'Laser Cutter 8', '1c', '74564358', 'Laser Cutter', 'genericcuttervideokey8', 1, 49);
select nextval ('hibernate_sequence');
insert into asset_type_template (version, ac_frequency, category, ce_certified, connection_voltage, construction_date, description, electrical_rating, guid, handbook_key, image_key, installation_date, max_operating_current, model_name, name, protection_class, serial_number, series_name, video_key, company_id, id) values (0, 100.0, 'Laser Cutter9', true, 240.0, '2019-11-22T18:08:55.701+0100', 'ATT Laser Cutter9', 1.0, 'abb7e301-308f-420a-98ba-df27c1252481', 'genericcutterhandbookkey9', 'genericcutterimagekey9', '2019-11-22T18:08:55.701+0100', 10.0, 'Laser Cutter', 'Laser Cutter 9', '1c', '74564359', 'Laser Cutter', 'genericcuttervideokey9', 1, 50);
select nextval ('hibernate_sequence');
insert into asset_type_template (version, ac_frequency, category, ce_certified, connection_voltage, construction_date, description, electrical_rating, guid, handbook_key, image_key, installation_date, max_operating_current, model_name, name, protection_class, serial_number, series_name, video_key, company_id, id) values (0, 100.0, 'Laser Cutter10', true, 240.0, '2019-11-22T18:08:56.068+0100', 'ATT Laser Cutter10', 1.0, '6b2f2f5e-ccfb-4f6a-818c-2e8ed87a9232', 'genericcutterhandbookkey10', 'genericcutterimagekey10', '2019-11-22T18:08:56.069+0100', 10.0, 'Laser Cutter', 'Laser Cutter 10', '1c', '745643510', 'Laser Cutter', 'genericcuttervideokey10', 1, 51);
select nextval ('hibernate_sequence');
insert into field (version, accuracy, description, external_id, field_type, mandatory, name, overrideable, type, unit, value, id) values (0, 1.0, 'Number of Filters', NULL, 0, true, 'numberfilter', true, 'count.v1.0', NULL, NULL, 52);
update asset_type_template set version=1, ac_frequency=100.0, category='Gas Supply', ce_certified=true, connection_voltage=240.0, construction_date='2019-11-22T18:08:51.185+0100', description='ATT Gas Supply', electrical_rating=1.0, guid='1224373c-6075-41c6-a2db-e3a64f027a44', handbook_key='genericgashandbookkey', image_key='genericgasimagekey', installation_date='2019-11-22T18:08:51.185+0100', max_operating_current=10.0, model_name='Gas Supply', name='Gas Supply', protection_class='1c', serial_number='41234123', series_name='Gas Supply', video_key='genericgasvideokey', company_id=1 where id=40 and version=0;
insert into asset_type_template_fields (asset_type_template_id, fields_id) values (40, 52);
select nextval ('hibernate_sequence');
insert into field (version, accuracy, description, external_id, field_type, mandatory, name, overrideable, type, unit, value, id) values (0, 1.2, 'Humidity', 'ea354147-228d-45e8-8170-37b988c1ce17', 1, true, 'humidity', true, 'humidity.v1.0', '%', NULL, 53);
update asset_type_template set version=2, ac_frequency=100.0, category='Gas Supply', ce_certified=true, connection_voltage=240.0, construction_date='2019-11-22T18:08:51.185+0100', description='ATT Gas Supply', electrical_rating=1.0, guid='1224373c-6075-41c6-a2db-e3a64f027a44', handbook_key='genericgashandbookkey', image_key='genericgasimagekey', installation_date='2019-11-22T18:08:51.185+0100', max_operating_current=10.0, model_name='Gas Supply', name='Gas Supply', protection_class='1c', serial_number='41234123', series_name='Gas Supply', video_key='genericgasvideokey', company_id=1 where id=40 and version=1;
insert into asset_type_template_fields (asset_type_template_id, fields_id) values (40, 53);
select nextval ('hibernate_sequence');
select nextval ('hibernate_sequence');
select nextval ('hibernate_sequence');
insert into field (version, accuracy, description, external_id, field_type, mandatory, name, overrideable, type, unit, value, id) values (0, 1.0, 'Number of Filters', NULL, 0, true, 'numberfilter', true, 'count.v1.0', NULL, NULL, 54);
insert into field (version, accuracy, description, external_id, field_type, mandatory, name, overrideable, type, unit, value, id) values (0, 1.2, 'Humidity', 'ea354147-228d-45e8-8170-37b988c1ce17', 1, true, 'humidity', true, 'humidity.v1.0', '%', NULL, 55);
insert into asset_series (version, ac_frequency, category, ce_certified, connection_voltage, construction_date, description, electrical_rating, guid, handbook_key, image_key, installation_date, max_operating_current, model_name, name, protection_class, serial_number, series_name, video_key, asset_type_template_id, company_id, id) values (0, 100.0, 'Gas Supply', true, 240.0, '2019-11-22T18:08:51.185+0100', 'ATT Gas Supply', 1.0, '1224373c-6075-41c6-a2db-e3a64f027a44', 'genericgashandbookkey', 'genericgasimagekey', '2019-11-22T18:08:51.185+0100', 10.0, 'Gas Supply', 'Gas Supply', '1c', '41234123', 'Gas Supply', 'genericgasvideokey', 40, 2, 56);
insert into asset_series_fields (asset_series_id, fields_id) values (56, 54);
insert into asset_series_fields (asset_series_id, fields_id) values (56, 55);
update asset_series set version=1, ac_frequency=100.0, category='Gas Supply', ce_certified=true, connection_voltage=240.0, construction_date='2019-11-22T18:08:57.163+0100', description='Airist Gas Supply', electrical_rating=1.0, guid='01665ed6-a3a5-405b-8aa4-bcaee1c87435', handbook_key='airistgashandbookkey', image_key='airisgasimagekey', installation_date='2019-11-22T18:08:57.163+0100', max_operating_current=10.0, model_name='Gas Supply', name='Airist Gas Supply', protection_class='1c', serial_number='41234123', series_name='Gas Supply', video_key='airistgasvideokey', asset_type_template_id=40, company_id=2 where id=56 and version=0;
select nextval ('hibernate_sequence');
insert into asset_series (version, ac_frequency, category, ce_certified, connection_voltage, construction_date, description, electrical_rating, guid, handbook_key, image_key, installation_date, max_operating_current, model_name, name, protection_class, serial_number, series_name, video_key, asset_type_template_id, company_id, id) values (0, 100.0, 'Laser Cutter', true, 240.0, '2019-11-22T18:08:51.736+0100', 'ATT Laser Cutter', 1.0, '1decd33e-0537-49fd-878a-fbf0b5dd5ba5', 'genericcutterhandbookkey', 'genericcutterimagekey', '2019-11-22T18:08:51.736+0100', 10.0, 'Laser Cutter', 'Laser Cutter', '1c', '7456435', 'Laser Cutter', 'genericcuttervideokey', 41, 3, 57);
update asset_series set version=1, ac_frequency=100.0, category='Laser Cutter', ce_certified=true, connection_voltage=240.0, construction_date='2019-11-22T18:09:43.817+0100', description='Laserly Laser Cutter', electrical_rating=1.0, guid='394d6ce3-f993-4ea3-aa23-5eb0b3210f67', handbook_key='lascutterhandbookkey', image_key='lascutterimagekey', installation_date='2019-11-22T18:09:43.818+0100', max_operating_current=10.0, model_name='NEX Micro Laser Cutter', name='Laserly Laser Cutter', protection_class='1c', serial_number='453453', series_name='NEX Laser Cutter', video_key='lascuttervideokey', asset_type_template_id=41, company_id=3 where id=57 and version=0;
select nextval ('hibernate_sequence');
select nextval ('hibernate_sequence');
select nextval ('hibernate_sequence');
insert into field (version, accuracy, description, external_id, field_type, mandatory, name, overrideable, type, unit, value, id) values (0, 1.0, 'Number of Filters', NULL, 0, true, 'numberfilter', true, 'count.v1.0', NULL, NULL, 58);
insert into field (version, accuracy, description, external_id, field_type, mandatory, name, overrideable, type, unit, value, id) values (0, 1.2, 'Humidity', 'ea354147-228d-45e8-8170-37b988c1ce17', 1, true, 'humidity', true, 'humidity.v1.0', '%', NULL, 59);
insert into asset_series (version, ac_frequency, category, ce_certified, connection_voltage, construction_date, description, electrical_rating, guid, handbook_key, image_key, installation_date, max_operating_current, model_name, name, protection_class, serial_number, series_name, video_key, asset_type_template_id, company_id, id) values (0, 100.0, 'Gas Supply', true, 240.0, '2019-11-22T18:08:51.185+0100', 'ATT Gas Supply', 1.0, '1224373c-6075-41c6-a2db-e3a64f027a44', 'genericgashandbookkey', 'genericgasimagekey', '2019-11-22T18:08:51.185+0100', 10.0, 'Gas Supply', 'Gas Supply', '1c', '41234123', 'Gas Supply', 'genericgasvideokey', 40, 2, 60);
insert into asset_series_fields (asset_series_id, fields_id) values (60, 58);
insert into asset_series_fields (asset_series_id, fields_id) values (60, 59);
update asset_series set version=1, ac_frequency=100.0, category='Laser Cutter1', ce_certified=true, connection_voltage=240.0, construction_date='2019-11-22T18:09:52.213+0100', description='Laserly Laser Cutter1', electrical_rating=1.0, guid='b88c36f2-e8c4-4b80-befa-2522a815aec4', handbook_key='genericcutterhandbookkey1', image_key='genericcutterimagekey1', installation_date='2019-11-22T18:09:52.213+0100', max_operating_current=10.0, model_name='Laserly Laser Cutter', name='Laserly Laser Cutter 1', protection_class='1c', serial_number='34652351', series_name='Laserly Laser Cutter MSF', video_key='genericcuttervideokey1', asset_type_template_id=40, company_id=2 where id=60 and version=0;
select nextval ('hibernate_sequence');
select nextval ('hibernate_sequence');
select nextval ('hibernate_sequence');
insert into field (version, accuracy, description, external_id, field_type, mandatory, name, overrideable, type, unit, value, id) values (0, 1.0, 'Number of Filters', NULL, 0, true, 'numberfilter', true, 'count.v1.0', NULL, NULL, 61);
insert into field (version, accuracy, description, external_id, field_type, mandatory, name, overrideable, type, unit, value, id) values (0, 1.2, 'Humidity', 'ea354147-228d-45e8-8170-37b988c1ce17', 1, true, 'humidity', true, 'humidity.v1.0', '%', NULL, 62);
insert into asset_series (version, ac_frequency, category, ce_certified, connection_voltage, construction_date, description, electrical_rating, guid, handbook_key, image_key, installation_date, max_operating_current, model_name, name, protection_class, serial_number, series_name, video_key, asset_type_template_id, company_id, id) values (0, 100.0, 'Gas Supply', true, 240.0, '2019-11-22T18:08:51.185+0100', 'ATT Gas Supply', 1.0, '1224373c-6075-41c6-a2db-e3a64f027a44', 'genericgashandbookkey', 'genericgasimagekey', '2019-11-22T18:08:51.185+0100', 10.0, 'Gas Supply', 'Gas Supply', '1c', '41234123', 'Gas Supply', 'genericgasvideokey', 40, 2, 63);
insert into asset_series_fields (asset_series_id, fields_id) values (63, 61);
insert into asset_series_fields (asset_series_id, fields_id) values (63, 62);
update asset_series set version=1, ac_frequency=100.0, category='Laser Cutter2', ce_certified=true, connection_voltage=240.0, construction_date='2019-11-22T18:09:52.649+0100', description='Laserly Laser Cutter2', electrical_rating=1.0, guid='e287ded5-b5c2-411c-a329-e7edc1575b85', handbook_key='genericcutterhandbookkey2', image_key='genericcutterimagekey2', installation_date='2019-11-22T18:09:52.649+0100', max_operating_current=10.0, model_name='Laserly Laser Cutter', name='Laserly Laser Cutter 2', protection_class='1c', serial_number='34652352', series_name='Laserly Laser Cutter MSF', video_key='genericcuttervideokey2', asset_type_template_id=40, company_id=2 where id=63 and version=0;
select nextval ('hibernate_sequence');
select nextval ('hibernate_sequence');
select nextval ('hibernate_sequence');
insert into field (version, accuracy, description, external_id, field_type, mandatory, name, overrideable, type, unit, value, id) values (0, 1.0, 'Number of Filters', NULL, 0, true, 'numberfilter', true, 'count.v1.0', NULL, NULL, 64);
insert into field (version, accuracy, description, external_id, field_type, mandatory, name, overrideable, type, unit, value, id) values (0, 1.2, 'Humidity', 'ea354147-228d-45e8-8170-37b988c1ce17', 1, true, 'humidity', true, 'humidity.v1.0', '%', NULL, 65);
insert into asset_series (version, ac_frequency, category, ce_certified, connection_voltage, construction_date, description, electrical_rating, guid, handbook_key, image_key, installation_date, max_operating_current, model_name, name, protection_class, serial_number, series_name, video_key, asset_type_template_id, company_id, id) values (0, 100.0, 'Gas Supply', true, 240.0, '2019-11-22T18:08:51.185+0100', 'ATT Gas Supply', 1.0, '1224373c-6075-41c6-a2db-e3a64f027a44', 'genericgashandbookkey', 'genericgasimagekey', '2019-11-22T18:08:51.185+0100', 10.0, 'Gas Supply', 'Gas Supply', '1c', '41234123', 'Gas Supply', 'genericgasvideokey', 40, 2, 66);
insert into asset_series_fields (asset_series_id, fields_id) values (66, 64);
insert into asset_series_fields (asset_series_id, fields_id) values (66, 65);
update asset_series set version=1, ac_frequency=100.0, category='Laser Cutter3', ce_certified=true, connection_voltage=240.0, construction_date='2019-11-22T18:09:53.158+0100', description='Laserly Laser Cutter3', electrical_rating=1.0, guid='0a946fa1-7091-4614-88fc-0c0b49bb63b2', handbook_key='genericcutterhandbookkey3', image_key='genericcutterimagekey3', installation_date='2019-11-22T18:09:53.158+0100', max_operating_current=10.0, model_name='Laserly Laser Cutter', name='Laserly Laser Cutter 3', protection_class='1c', serial_number='34652353', series_name='Laserly Laser Cutter MSF', video_key='genericcuttervideokey3', asset_type_template_id=40, company_id=2 where id=66 and version=0;
select nextval ('hibernate_sequence');
select nextval ('hibernate_sequence');
select nextval ('hibernate_sequence');
insert into field (version, accuracy, description, external_id, field_type, mandatory, name, overrideable, type, unit, value, id) values (0, 1.0, 'Number of Filters', NULL, 0, true, 'numberfilter', true, 'count.v1.0', NULL, NULL, 67);
insert into field (version, accuracy, description, external_id, field_type, mandatory, name, overrideable, type, unit, value, id) values (0, 1.2, 'Humidity', 'ea354147-228d-45e8-8170-37b988c1ce17', 1, true, 'humidity', true, 'humidity.v1.0', '%', NULL, 68);
insert into asset_series (version, ac_frequency, category, ce_certified, connection_voltage, construction_date, description, electrical_rating, guid, handbook_key, image_key, installation_date, max_operating_current, model_name, name, protection_class, serial_number, series_name, video_key, asset_type_template_id, company_id, id) values (0, 100.0, 'Gas Supply', true, 240.0, '2019-11-22T18:08:51.185+0100', 'ATT Gas Supply', 1.0, '1224373c-6075-41c6-a2db-e3a64f027a44', 'genericgashandbookkey', 'genericgasimagekey', '2019-11-22T18:08:51.185+0100', 10.0, 'Gas Supply', 'Gas Supply', '1c', '41234123', 'Gas Supply', 'genericgasvideokey', 40, 2, 69);
insert into asset_series_fields (asset_series_id, fields_id) values (69, 67);
insert into asset_series_fields (asset_series_id, fields_id) values (69, 68);
update asset_series set version=1, ac_frequency=100.0, category='Laser Cutter4', ce_certified=true, connection_voltage=240.0, construction_date='2019-11-22T18:09:53.605+0100', description='Laserly Laser Cutter4', electrical_rating=1.0, guid='9e4bbffe-6dfb-4080-abc9-dde7c2c0c3b5', handbook_key='genericcutterhandbookkey4', image_key='genericcutterimagekey4', installation_date='2019-11-22T18:09:53.605+0100', max_operating_current=10.0, model_name='Laserly Laser Cutter', name='Laserly Laser Cutter 4', protection_class='1c', serial_number='34652354', series_name='Laserly Laser Cutter MSF', video_key='genericcuttervideokey4', asset_type_template_id=40, company_id=2 where id=69 and version=0;
select nextval ('hibernate_sequence');
select nextval ('hibernate_sequence');
select nextval ('hibernate_sequence');
insert into field (version, accuracy, description, external_id, field_type, mandatory, name, overrideable, type, unit, value, id) values (0, 1.0, 'Number of Filters', NULL, 0, true, 'numberfilter', true, 'count.v1.0', NULL, NULL, 70);
insert into field (version, accuracy, description, external_id, field_type, mandatory, name, overrideable, type, unit, value, id) values (0, 1.2, 'Humidity', 'ea354147-228d-45e8-8170-37b988c1ce17', 1, true, 'humidity', true, 'humidity.v1.0', '%', NULL, 71);
insert into asset_series (version, ac_frequency, category, ce_certified, connection_voltage, construction_date, description, electrical_rating, guid, handbook_key, image_key, installation_date, max_operating_current, model_name, name, protection_class, serial_number, series_name, video_key, asset_type_template_id, company_id, id) values (0, 100.0, 'Gas Supply', true, 240.0, '2019-11-22T18:08:51.185+0100', 'ATT Gas Supply', 1.0, '1224373c-6075-41c6-a2db-e3a64f027a44', 'genericgashandbookkey', 'genericgasimagekey', '2019-11-22T18:08:51.185+0100', 10.0, 'Gas Supply', 'Gas Supply', '1c', '41234123', 'Gas Supply', 'genericgasvideokey', 40, 2, 72);
insert into asset_series_fields (asset_series_id, fields_id) values (72, 70);
insert into asset_series_fields (asset_series_id, fields_id) values (72, 71);
update asset_series set version=1, ac_frequency=100.0, category='Laser Cutter5', ce_certified=true, connection_voltage=240.0, construction_date='2019-11-22T18:09:53.980+0100', description='Laserly Laser Cutter5', electrical_rating=1.0, guid='55ba81fa-6539-4cf0-96ca-95f544ffa5c6', handbook_key='genericcutterhandbookkey5', image_key='genericcutterimagekey5', installation_date='2019-11-22T18:09:53.980+0100', max_operating_current=10.0, model_name='Laserly Laser Cutter', name='Laserly Laser Cutter 5', protection_class='1c', serial_number='34652355', series_name='Laserly Laser Cutter MSF', video_key='genericcuttervideokey5', asset_type_template_id=40, company_id=2 where id=72 and version=0;
select nextval ('hibernate_sequence');
select nextval ('hibernate_sequence');
select nextval ('hibernate_sequence');
insert into field (version, accuracy, description, external_id, field_type, mandatory, name, overrideable, type, unit, value, id) values (0, 1.0, 'Number of Filters', NULL, 0, true, 'numberfilter', true, 'count.v1.0', NULL, NULL, 73);
insert into field (version, accuracy, description, external_id, field_type, mandatory, name, overrideable, type, unit, value, id) values (0, 1.2, 'Humidity', 'ea354147-228d-45e8-8170-37b988c1ce17', 1, true, 'humidity', true, 'humidity.v1.0', '%', NULL, 74);
insert into asset_series (version, ac_frequency, category, ce_certified, connection_voltage, construction_date, description, electrical_rating, guid, handbook_key, image_key, installation_date, max_operating_current, model_name, name, protection_class, serial_number, series_name, video_key, asset_type_template_id, company_id, id) values (0, 100.0, 'Gas Supply', true, 240.0, '2019-11-22T18:08:51.185+0100', 'ATT Gas Supply', 1.0, '1224373c-6075-41c6-a2db-e3a64f027a44', 'genericgashandbookkey', 'genericgasimagekey', '2019-11-22T18:08:51.185+0100', 10.0, 'Gas Supply', 'Gas Supply', '1c', '41234123', 'Gas Supply', 'genericgasvideokey', 40, 2, 75);
insert into asset_series_fields (asset_series_id, fields_id) values (75, 73);
insert into asset_series_fields (asset_series_id, fields_id) values (75, 74);
update asset_series set version=1, ac_frequency=100.0, category='Laser Cutter6', ce_certified=true, connection_voltage=240.0, construction_date='2019-11-22T18:09:54.441+0100', description='Laserly Laser Cutter6', electrical_rating=1.0, guid='0aac2c3c-63f1-417e-9db4-b85899ce5873', handbook_key='genericcutterhandbookkey6', image_key='genericcutterimagekey6', installation_date='2019-11-22T18:09:54.441+0100', max_operating_current=10.0, model_name='Laserly Laser Cutter', name='Laserly Laser Cutter 6', protection_class='1c', serial_number='34652356', series_name='Laserly Laser Cutter MSF', video_key='genericcuttervideokey6', asset_type_template_id=40, company_id=2 where id=75 and version=0;
select nextval ('hibernate_sequence');
select nextval ('hibernate_sequence');
select nextval ('hibernate_sequence');
insert into field (version, accuracy, description, external_id, field_type, mandatory, name, overrideable, type, unit, value, id) values (0, 1.0, 'Number of Filters', NULL, 0, true, 'numberfilter', true, 'count.v1.0', NULL, NULL, 76);
insert into field (version, accuracy, description, external_id, field_type, mandatory, name, overrideable, type, unit, value, id) values (0, 1.2, 'Humidity', 'ea354147-228d-45e8-8170-37b988c1ce17', 1, true, 'humidity', true, 'humidity.v1.0', '%', NULL, 77);
insert into asset_series (version, ac_frequency, category, ce_certified, connection_voltage, construction_date, description, electrical_rating, guid, handbook_key, image_key, installation_date, max_operating_current, model_name, name, protection_class, serial_number, series_name, video_key, asset_type_template_id, company_id, id) values (0, 100.0, 'Gas Supply', true, 240.0, '2019-11-22T18:08:51.185+0100', 'ATT Gas Supply', 1.0, '1224373c-6075-41c6-a2db-e3a64f027a44', 'genericgashandbookkey', 'genericgasimagekey', '2019-11-22T18:08:51.185+0100', 10.0, 'Gas Supply', 'Gas Supply', '1c', '41234123', 'Gas Supply', 'genericgasvideokey', 40, 2, 78);
insert into asset_series_fields (asset_series_id, fields_id) values (78, 76);
insert into asset_series_fields (asset_series_id, fields_id) values (78, 77);
update asset_series set version=1, ac_frequency=100.0, category='Laser Cutter7', ce_certified=true, connection_voltage=240.0, construction_date='2019-11-22T18:09:54.919+0100', description='Laserly Laser Cutter7', electrical_rating=1.0, guid='84859184-0234-44eb-a815-5a7e1f12081e', handbook_key='genericcutterhandbookkey7', image_key='genericcutterimagekey7', installation_date='2019-11-22T18:09:54.919+0100', max_operating_current=10.0, model_name='Laserly Laser Cutter', name='Laserly Laser Cutter 7', protection_class='1c', serial_number='34652357', series_name='Laserly Laser Cutter MSF', video_key='genericcuttervideokey7', asset_type_template_id=40, company_id=2 where id=78 and version=0;
select nextval ('hibernate_sequence');
select nextval ('hibernate_sequence');
select nextval ('hibernate_sequence');
insert into field (version, accuracy, description, external_id, field_type, mandatory, name, overrideable, type, unit, value, id) values (0, 1.0, 'Number of Filters', NULL, 0, true, 'numberfilter', true, 'count.v1.0', NULL, NULL, 79);
insert into field (version, accuracy, description, external_id, field_type, mandatory, name, overrideable, type, unit, value, id) values (0, 1.2, 'Humidity', 'ea354147-228d-45e8-8170-37b988c1ce17', 1, true, 'humidity', true, 'humidity.v1.0', '%', NULL, 80);
insert into asset_series (version, ac_frequency, category, ce_certified, connection_voltage, construction_date, description, electrical_rating, guid, handbook_key, image_key, installation_date, max_operating_current, model_name, name, protection_class, serial_number, series_name, video_key, asset_type_template_id, company_id, id) values (0, 100.0, 'Gas Supply', true, 240.0, '2019-11-22T18:08:51.185+0100', 'ATT Gas Supply', 1.0, '1224373c-6075-41c6-a2db-e3a64f027a44', 'genericgashandbookkey', 'genericgasimagekey', '2019-11-22T18:08:51.185+0100', 10.0, 'Gas Supply', 'Gas Supply', '1c', '41234123', 'Gas Supply', 'genericgasvideokey', 40, 2, 81);
insert into asset_series_fields (asset_series_id, fields_id) values (81, 79);
insert into asset_series_fields (asset_series_id, fields_id) values (81, 80);
update asset_series set version=1, ac_frequency=100.0, category='Laser Cutter8', ce_certified=true, connection_voltage=240.0, construction_date='2019-11-22T18:09:55.322+0100', description='Laserly Laser Cutter8', electrical_rating=1.0, guid='3f67e1d0-d6f0-420a-aa71-59c1803b98b4', handbook_key='genericcutterhandbookkey8', image_key='genericcutterimagekey8', installation_date='2019-11-22T18:09:55.322+0100', max_operating_current=10.0, model_name='Laserly Laser Cutter', name='Laserly Laser Cutter 8', protection_class='1c', serial_number='34652358', series_name='Laserly Laser Cutter MSF', video_key='genericcuttervideokey8', asset_type_template_id=40, company_id=2 where id=81 and version=0;
select nextval ('hibernate_sequence');
select nextval ('hibernate_sequence');
select nextval ('hibernate_sequence');
insert into field (version, accuracy, description, external_id, field_type, mandatory, name, overrideable, type, unit, value, id) values (0, 1.0, 'Number of Filters', NULL, 0, true, 'numberfilter', true, 'count.v1.0', NULL, NULL, 82);
insert into field (version, accuracy, description, external_id, field_type, mandatory, name, overrideable, type, unit, value, id) values (0, 1.2, 'Humidity', 'ea354147-228d-45e8-8170-37b988c1ce17', 1, true, 'humidity', true, 'humidity.v1.0', '%', NULL, 83);
insert into asset_series (version, ac_frequency, category, ce_certified, connection_voltage, construction_date, description, electrical_rating, guid, handbook_key, image_key, installation_date, max_operating_current, model_name, name, protection_class, serial_number, series_name, video_key, asset_type_template_id, company_id, id) values (0, 100.0, 'Gas Supply', true, 240.0, '2019-11-22T18:08:51.185+0100', 'ATT Gas Supply', 1.0, '1224373c-6075-41c6-a2db-e3a64f027a44', 'genericgashandbookkey', 'genericgasimagekey', '2019-11-22T18:08:51.185+0100', 10.0, 'Gas Supply', 'Gas Supply', '1c', '41234123', 'Gas Supply', 'genericgasvideokey', 40, 2, 84);
insert into asset_series_fields (asset_series_id, fields_id) values (84, 82);
insert into asset_series_fields (asset_series_id, fields_id) values (84, 83);
update asset_series set version=1, ac_frequency=100.0, category='Laser Cutter9', ce_certified=true, connection_voltage=240.0, construction_date='2019-11-22T18:09:55.775+0100', description='Laserly Laser Cutter9', electrical_rating=1.0, guid='2184d9dc-fdbc-4cfa-837a-b8e7a443d86b', handbook_key='genericcutterhandbookkey9', image_key='genericcutterimagekey9', installation_date='2019-11-22T18:09:55.775+0100', max_operating_current=10.0, model_name='Laserly Laser Cutter', name='Laserly Laser Cutter 9', protection_class='1c', serial_number='34652359', series_name='Laserly Laser Cutter MSF', video_key='genericcuttervideokey9', asset_type_template_id=40, company_id=2 where id=84 and version=0;
select nextval ('hibernate_sequence');
select nextval ('hibernate_sequence');
select nextval ('hibernate_sequence');
insert into field (version, accuracy, description, external_id, field_type, mandatory, name, overrideable, type, unit, value, id) values (0, 1.0, 'Number of Filters', NULL, 0, true, 'numberfilter', true, 'count.v1.0', NULL, NULL, 85);
insert into field (version, accuracy, description, external_id, field_type, mandatory, name, overrideable, type, unit, value, id) values (0, 1.2, 'Humidity', 'ea354147-228d-45e8-8170-37b988c1ce17', 1, true, 'humidity', true, 'humidity.v1.0', '%', NULL, 86);
insert into asset_series (version, ac_frequency, category, ce_certified, connection_voltage, construction_date, description, electrical_rating, guid, handbook_key, image_key, installation_date, max_operating_current, model_name, name, protection_class, serial_number, series_name, video_key, asset_type_template_id, company_id, id) values (0, 100.0, 'Gas Supply', true, 240.0, '2019-11-22T18:08:51.185+0100', 'ATT Gas Supply', 1.0, '1224373c-6075-41c6-a2db-e3a64f027a44', 'genericgashandbookkey', 'genericgasimagekey', '2019-11-22T18:08:51.185+0100', 10.0, 'Gas Supply', 'Gas Supply', '1c', '41234123', 'Gas Supply', 'genericgasvideokey', 40, 2, 87);
insert into asset_series_fields (asset_series_id, fields_id) values (87, 85);
insert into asset_series_fields (asset_series_id, fields_id) values (87, 86);
update asset_series set version=1, ac_frequency=100.0, category='Laser Cutter10', ce_certified=true, connection_voltage=240.0, construction_date='2019-11-22T18:09:56.156+0100', description='Laserly Laser Cutter10', electrical_rating=1.0, guid='cc53cfb9-c247-4973-9e20-f87f7f44ca40', handbook_key='genericcutterhandbookkey10', image_key='genericcutterimagekey10', installation_date='2019-11-22T18:09:56.156+0100', max_operating_current=10.0, model_name='Laserly Laser Cutter', name='Laserly Laser Cutter 10', protection_class='1c', serial_number='346523510', series_name='Laserly Laser Cutter MSF', video_key='genericcuttervideokey10', asset_type_template_id=40, company_id=2 where id=87 and version=0;
select nextval ('hibernate_sequence');
select nextval ('hibernate_sequence');
select nextval ('hibernate_sequence');
insert into field (version, accuracy, description, external_id, field_type, mandatory, name, overrideable, type, unit, value, id) values (0, 1.0, 'Number of Filters', NULL, 0, true, 'numberfilter', true, 'count.v1.0', NULL, NULL, 88);
insert into field (version, accuracy, description, external_id, field_type, mandatory, name, overrideable, type, unit, value, id) values (0, 1.2, 'Humidity', 'ea354147-228d-45e8-8170-37b988c1ce17', 1, true, 'humidity', true, 'humidity.v1.0', '%', NULL, 89);
insert into asset (version, ac_frequency, category, ce_certified, connection_voltage, construction_date, description, electrical_rating, guid, handbook_key, image_key, installation_date, max_operating_current, model_name, name, protection_class, serial_number, series_name, video_key, asset_series_id, company_id, control_system_type, external_id, gateway_connectivity, has_gateway, room_id, id) values (0, 100.0, 'Gas Supply', true, 240.0, '2019-11-22T18:08:57.163+0100', 'Airist Gas Supply', 1.0, '01665ed6-a3a5-405b-8aa4-bcaee1c87435', 'airistgashandbookkey', 'airisgasimagekey', '2019-11-22T18:08:57.163+0100', 10.0, 'Gas Supply', 'Airist Gas Supply', '1c', '41234123', 'Gas Supply', 'airistgasvideokey', 56, 5, NULL, NULL, NULL, NULL, NULL, 90);
insert into asset_fields (asset_id, fields_id) values (90, 88);
insert into asset_fields (asset_id, fields_id) values (90, 89);
update asset set version=1, ac_frequency=100.0, category='Gas Supply', ce_certified=true, connection_voltage=240.0, construction_date='2019-11-22T18:08:57.163+0100', description='Central Gas Supply', electrical_rating=1.0, guid='01665ed6-a3a5-405b-8aa4-bcaee1c87435', handbook_key='airistgashandbookkey', image_key='gskey', installation_date='2019-11-22T18:08:57.163+0100', max_operating_current=10.0, model_name='Gas Supply', name='Gas Supply Oxygen', protection_class='1c', serial_number='41234123', series_name='Gas Supply', video_key='airistgasvideokey', asset_series_id=56, company_id=5, control_system_type='PLC', external_id=NULL, gateway_connectivity='NETWORK', has_gateway=true, room_id=NULL where id=90 and version=0;
update asset set version=2, ac_frequency=100.0, category='Gas Supply', ce_certified=true, connection_voltage=240.0, construction_date='2019-11-22T18:08:57.163+0100', description='Central Gas Supply', electrical_rating=1.0, guid='01665ed6-a3a5-405b-8aa4-bcaee1c87435', handbook_key='airistgashandbookkey', image_key='gskey', installation_date='2019-11-22T18:08:57.163+0100', max_operating_current=10.0, model_name='Gas Supply', name='Gas Supply Oxygen', protection_class='1c', serial_number='41234123', series_name='Gas Supply', video_key='airistgasvideokey', asset_series_id=56, company_id=5, control_system_type='PLC', external_id=NULL, gateway_connectivity='NETWORK', has_gateway=true, room_id=28 where id=90 and version=1;
select nextval ('hibernate_sequence');
insert into asset (version, ac_frequency, category, ce_certified, connection_voltage, construction_date, description, electrical_rating, guid, handbook_key, image_key, installation_date, max_operating_current, model_name, name, protection_class, serial_number, series_name, video_key, asset_series_id, company_id, control_system_type, external_id, gateway_connectivity, has_gateway, room_id, id) values (0, 100.0, 'Laser Cutter', true, 240.0, '2019-11-22T18:09:43.817+0100', 'Laserly Laser Cutter', 1.0, '394d6ce3-f993-4ea3-aa23-5eb0b3210f67', 'lascutterhandbookkey', 'lascutterimagekey', '2019-11-22T18:09:43.818+0100', 10.0, 'NEX Micro Laser Cutter', 'Laserly Laser Cutter', '1c', '453453', 'NEX Laser Cutter', 'lascuttervideokey', 57, 5, NULL, NULL, NULL, NULL, NULL, 91);
update asset set version=1, ac_frequency=100.0, category='Laser Cutter', ce_certified=true, connection_voltage=240.0, construction_date='2019-11-22T18:09:43.817+0100', description='Laser Cutter', electrical_rating=1.0, guid='394d6ce3-f993-4ea3-aa23-5eb0b3210f67', handbook_key='lascutterhandbookkey', image_key='lckey', installation_date='2019-11-22T18:09:43.818+0100', max_operating_current=10.0, model_name='NEX Micro Laser Cutter', name='MSF FiberLas Compact', protection_class='1c', serial_number='453453', series_name='NEX Laser Cutter', video_key='lascuttervideokey', asset_series_id=57, company_id=5, control_system_type='SQL', external_id=NULL, gateway_connectivity='NETWORK', has_gateway=true, room_id=NULL where id=91 and version=0;
update asset set version=2, ac_frequency=100.0, category='Laser Cutter', ce_certified=true, connection_voltage=240.0, construction_date='2019-11-22T18:09:43.817+0100', description='Laser Cutter', electrical_rating=1.0, guid='394d6ce3-f993-4ea3-aa23-5eb0b3210f67', handbook_key='lascutterhandbookkey', image_key='lckey', installation_date='2019-11-22T18:09:43.818+0100', max_operating_current=10.0, model_name='NEX Micro Laser Cutter', name='MSF FiberLas Compact', protection_class='1c', serial_number='453453', series_name='NEX Laser Cutter', video_key='lascuttervideokey', asset_series_id=57, company_id=5, control_system_type='SQL', external_id=NULL, gateway_connectivity='NETWORK', has_gateway=true, room_id=29 where id=91 and version=1;
select nextval ('hibernate_sequence');
insert into asset (version, ac_frequency, category, ce_certified, connection_voltage, construction_date, description, electrical_rating, guid, handbook_key, image_key, installation_date, max_operating_current, model_name, name, protection_class, serial_number, series_name, video_key, asset_series_id, company_id, control_system_type, external_id, gateway_connectivity, has_gateway, room_id, id) values (0, 100.0, 'Laser Cutter', true, 240.0, '2019-11-22T18:09:43.817+0100', 'Laserly Laser Cutter', 1.0, '394d6ce3-f993-4ea3-aa23-5eb0b3210f67', 'lascutterhandbookkey', 'lascutterimagekey', '2019-11-22T18:09:43.818+0100', 10.0, 'NEX Micro Laser Cutter', 'Laserly Laser Cutter', '1c', '453453', 'NEX Laser Cutter', 'lascuttervideokey', 57, 5, NULL, NULL, NULL, NULL, NULL, 92);
update asset set version=1, ac_frequency=100.0, category='Category LASER 1', ce_certified=true, connection_voltage=240.0, construction_date='2019-11-22T18:09:43.817+0100', description='Laser Cutter1', electrical_rating=1.0, guid='394d6ce3-f993-4ea3-aa23-5eb0b3210f67', handbook_key='lascutterhandbookkey', image_key='gskey1', installation_date='2019-11-22T18:09:43.818+0100', max_operating_current=10.0, model_name='NEX Micro Laser Cutter', name='Laser machine 1', protection_class='1c', serial_number='453453', series_name='NEX Laser Cutter', video_key='lascuttervideokey', asset_series_id=57, company_id=5, control_system_type='SQL1', external_id=NULL, gateway_connectivity='NETWORK1', has_gateway=false, room_id=NULL where id=92 and version=0;
update asset set version=2, ac_frequency=100.0, category='Category LASER 1', ce_certified=true, connection_voltage=240.0, construction_date='2019-11-22T18:09:43.817+0100', description='Laser Cutter1', electrical_rating=1.0, guid='394d6ce3-f993-4ea3-aa23-5eb0b3210f67', handbook_key='lascutterhandbookkey', image_key='gskey1', installation_date='2019-11-22T18:09:43.818+0100', max_operating_current=10.0, model_name='NEX Micro Laser Cutter', name='Laser machine 1', protection_class='1c', serial_number='453453', series_name='NEX Laser Cutter', video_key='lascuttervideokey', asset_series_id=57, company_id=5, control_system_type='SQL1', external_id=NULL, gateway_connectivity='NETWORK1', has_gateway=false, room_id=28 where id=92 and version=1;
select nextval ('hibernate_sequence');
insert into asset (version, ac_frequency, category, ce_certified, connection_voltage, construction_date, description, electrical_rating, guid, handbook_key, image_key, installation_date, max_operating_current, model_name, name, protection_class, serial_number, series_name, video_key, asset_series_id, company_id, control_system_type, external_id, gateway_connectivity, has_gateway, room_id, id) values (0, 100.0, 'Laser Cutter', true, 240.0, '2019-11-22T18:09:43.817+0100', 'Laserly Laser Cutter', 1.0, '394d6ce3-f993-4ea3-aa23-5eb0b3210f67', 'lascutterhandbookkey', 'lascutterimagekey', '2019-11-22T18:09:43.818+0100', 10.0, 'NEX Micro Laser Cutter', 'Laserly Laser Cutter', '1c', '453453', 'NEX Laser Cutter', 'lascuttervideokey', 57, 5, NULL, NULL, NULL, NULL, NULL, 93);
update asset set version=1, ac_frequency=100.0, category='Category LASER 2', ce_certified=true, connection_voltage=240.0, construction_date='2019-11-22T18:09:43.817+0100', description='Laser Cutter2', electrical_rating=1.0, guid='394d6ce3-f993-4ea3-aa23-5eb0b3210f67', handbook_key='lascutterhandbookkey', image_key='gskey2', installation_date='2019-11-22T18:09:43.818+0100', max_operating_current=10.0, model_name='NEX Micro Laser Cutter', name='Laser machine 2', protection_class='1c', serial_number='453453', series_name='NEX Laser Cutter', video_key='lascuttervideokey', asset_series_id=57, company_id=5, control_system_type='SQL2', external_id=NULL, gateway_connectivity='NETWORK2', has_gateway=true, room_id=NULL where id=93 and version=0;
update asset set version=2, ac_frequency=100.0, category='Category LASER 2', ce_certified=true, connection_voltage=240.0, construction_date='2019-11-22T18:09:43.817+0100', description='Laser Cutter2', electrical_rating=1.0, guid='394d6ce3-f993-4ea3-aa23-5eb0b3210f67', handbook_key='lascutterhandbookkey', image_key='gskey2', installation_date='2019-11-22T18:09:43.818+0100', max_operating_current=10.0, model_name='NEX Micro Laser Cutter', name='Laser machine 2', protection_class='1c', serial_number='453453', series_name='NEX Laser Cutter', video_key='lascuttervideokey', asset_series_id=57, company_id=5, control_system_type='SQL2', external_id=NULL, gateway_connectivity='NETWORK2', has_gateway=true, room_id=28 where id=93 and version=1;
select nextval ('hibernate_sequence');
insert into asset (version, ac_frequency, category, ce_certified, connection_voltage, construction_date, description, electrical_rating, guid, handbook_key, image_key, installation_date, max_operating_current, model_name, name, protection_class, serial_number, series_name, video_key, asset_series_id, company_id, control_system_type, external_id, gateway_connectivity, has_gateway, room_id, id) values (0, 100.0, 'Laser Cutter', true, 240.0, '2019-11-22T18:09:43.817+0100', 'Laserly Laser Cutter', 1.0, '394d6ce3-f993-4ea3-aa23-5eb0b3210f67', 'lascutterhandbookkey', 'lascutterimagekey', '2019-11-22T18:09:43.818+0100', 10.0, 'NEX Micro Laser Cutter', 'Laserly Laser Cutter', '1c', '453453', 'NEX Laser Cutter', 'lascuttervideokey', 57, 5, NULL, NULL, NULL, NULL, NULL, 94);
update asset set version=1, ac_frequency=100.0, category='Category LASER 3', ce_certified=true, connection_voltage=240.0, construction_date='2019-11-22T18:09:43.817+0100', description='Laser Cutter3', electrical_rating=1.0, guid='394d6ce3-f993-4ea3-aa23-5eb0b3210f67', handbook_key='lascutterhandbookkey', image_key='gskey3', installation_date='2019-11-22T18:09:43.818+0100', max_operating_current=10.0, model_name='NEX Micro Laser Cutter', name='Laser machine 3', protection_class='1c', serial_number='453453', series_name='NEX Laser Cutter', video_key='lascuttervideokey', asset_series_id=57, company_id=5, control_system_type='SQL3', external_id=NULL, gateway_connectivity='NETWORK3', has_gateway=false, room_id=NULL where id=94 and version=0;
update asset set version=2, ac_frequency=100.0, category='Category LASER 3', ce_certified=true, connection_voltage=240.0, construction_date='2019-11-22T18:09:43.817+0100', description='Laser Cutter3', electrical_rating=1.0, guid='394d6ce3-f993-4ea3-aa23-5eb0b3210f67', handbook_key='lascutterhandbookkey', image_key='gskey3', installation_date='2019-11-22T18:09:43.818+0100', max_operating_current=10.0, model_name='NEX Micro Laser Cutter', name='Laser machine 3', protection_class='1c', serial_number='453453', series_name='NEX Laser Cutter', video_key='lascuttervideokey', asset_series_id=57, company_id=5, control_system_type='SQL3', external_id=NULL, gateway_connectivity='NETWORK3', has_gateway=false, room_id=28 where id=94 and version=1;
select nextval ('hibernate_sequence');
insert into asset (version, ac_frequency, category, ce_certified, connection_voltage, construction_date, description, electrical_rating, guid, handbook_key, image_key, installation_date, max_operating_current, model_name, name, protection_class, serial_number, series_name, video_key, asset_series_id, company_id, control_system_type, external_id, gateway_connectivity, has_gateway, room_id, id) values (0, 100.0, 'Laser Cutter', true, 240.0, '2019-11-22T18:09:43.817+0100', 'Laserly Laser Cutter', 1.0, '394d6ce3-f993-4ea3-aa23-5eb0b3210f67', 'lascutterhandbookkey', 'lascutterimagekey', '2019-11-22T18:09:43.818+0100', 10.0, 'NEX Micro Laser Cutter', 'Laserly Laser Cutter', '1c', '453453', 'NEX Laser Cutter', 'lascuttervideokey', 57, 5, NULL, NULL, NULL, NULL, NULL, 95);
update asset set version=1, ac_frequency=100.0, category='Category LASER 4', ce_certified=true, connection_voltage=240.0, construction_date='2019-11-22T18:09:43.817+0100', description='Laser Cutter4', electrical_rating=1.0, guid='394d6ce3-f993-4ea3-aa23-5eb0b3210f67', handbook_key='lascutterhandbookkey', image_key='gskey4', installation_date='2019-11-22T18:09:43.818+0100', max_operating_current=10.0, model_name='NEX Micro Laser Cutter', name='Laser machine 4', protection_class='1c', serial_number='453453', series_name='NEX Laser Cutter', video_key='lascuttervideokey', asset_series_id=57, company_id=5, control_system_type='SQL4', external_id=NULL, gateway_connectivity='NETWORK4', has_gateway=true, room_id=NULL where id=95 and version=0;
update asset set version=2, ac_frequency=100.0, category='Category LASER 4', ce_certified=true, connection_voltage=240.0, construction_date='2019-11-22T18:09:43.817+0100', description='Laser Cutter4', electrical_rating=1.0, guid='394d6ce3-f993-4ea3-aa23-5eb0b3210f67', handbook_key='lascutterhandbookkey', image_key='gskey4', installation_date='2019-11-22T18:09:43.818+0100', max_operating_current=10.0, model_name='NEX Micro Laser Cutter', name='Laser machine 4', protection_class='1c', serial_number='453453', series_name='NEX Laser Cutter', video_key='lascuttervideokey', asset_series_id=57, company_id=5, control_system_type='SQL4', external_id=NULL, gateway_connectivity='NETWORK4', has_gateway=true, room_id=28 where id=95 and version=1;
select nextval ('hibernate_sequence');
insert into asset (version, ac_frequency, category, ce_certified, connection_voltage, construction_date, description, electrical_rating, guid, handbook_key, image_key, installation_date, max_operating_current, model_name, name, protection_class, serial_number, series_name, video_key, asset_series_id, company_id, control_system_type, external_id, gateway_connectivity, has_gateway, room_id, id) values (0, 100.0, 'Laser Cutter', true, 240.0, '2019-11-22T18:09:43.817+0100', 'Laserly Laser Cutter', 1.0, '394d6ce3-f993-4ea3-aa23-5eb0b3210f67', 'lascutterhandbookkey', 'lascutterimagekey', '2019-11-22T18:09:43.818+0100', 10.0, 'NEX Micro Laser Cutter', 'Laserly Laser Cutter', '1c', '453453', 'NEX Laser Cutter', 'lascuttervideokey', 57, 5, NULL, NULL, NULL, NULL, NULL, 96);
update asset set version=1, ac_frequency=100.0, category='Category LASER 5', ce_certified=true, connection_voltage=240.0, construction_date='2019-11-22T18:09:43.817+0100', description='Laser Cutter5', electrical_rating=1.0, guid='394d6ce3-f993-4ea3-aa23-5eb0b3210f67', handbook_key='lascutterhandbookkey', image_key='gskey5', installation_date='2019-11-22T18:09:43.818+0100', max_operating_current=10.0, model_name='NEX Micro Laser Cutter', name='Laser machine 5', protection_class='1c', serial_number='453453', series_name='NEX Laser Cutter', video_key='lascuttervideokey', asset_series_id=57, company_id=5, control_system_type='SQL5', external_id=NULL, gateway_connectivity='NETWORK5', has_gateway=false, room_id=NULL where id=96 and version=0;
update asset set version=2, ac_frequency=100.0, category='Category LASER 5', ce_certified=true, connection_voltage=240.0, construction_date='2019-11-22T18:09:43.817+0100', description='Laser Cutter5', electrical_rating=1.0, guid='394d6ce3-f993-4ea3-aa23-5eb0b3210f67', handbook_key='lascutterhandbookkey', image_key='gskey5', installation_date='2019-11-22T18:09:43.818+0100', max_operating_current=10.0, model_name='NEX Micro Laser Cutter', name='Laser machine 5', protection_class='1c', serial_number='453453', series_name='NEX Laser Cutter', video_key='lascuttervideokey', asset_series_id=57, company_id=5, control_system_type='SQL5', external_id=NULL, gateway_connectivity='NETWORK5', has_gateway=false, room_id=28 where id=96 and version=1;
select nextval ('hibernate_sequence');
insert into asset (version, ac_frequency, category, ce_certified, connection_voltage, construction_date, description, electrical_rating, guid, handbook_key, image_key, installation_date, max_operating_current, model_name, name, protection_class, serial_number, series_name, video_key, asset_series_id, company_id, control_system_type, external_id, gateway_connectivity, has_gateway, room_id, id) values (0, 100.0, 'Laser Cutter', true, 240.0, '2019-11-22T18:09:43.817+0100', 'Laserly Laser Cutter', 1.0, '394d6ce3-f993-4ea3-aa23-5eb0b3210f67', 'lascutterhandbookkey', 'lascutterimagekey', '2019-11-22T18:09:43.818+0100', 10.0, 'NEX Micro Laser Cutter', 'Laserly Laser Cutter', '1c', '453453', 'NEX Laser Cutter', 'lascuttervideokey', 57, 5, NULL, NULL, NULL, NULL, NULL, 97);
update asset set version=1, ac_frequency=100.0, category='Category LASER 6', ce_certified=true, connection_voltage=240.0, construction_date='2019-11-22T18:09:43.817+0100', description='Laser Cutter6', electrical_rating=1.0, guid='394d6ce3-f993-4ea3-aa23-5eb0b3210f67', handbook_key='lascutterhandbookkey', image_key='gskey6', installation_date='2019-11-22T18:09:43.818+0100', max_operating_current=10.0, model_name='NEX Micro Laser Cutter', name='Laser machine 6', protection_class='1c', serial_number='453453', series_name='NEX Laser Cutter', video_key='lascuttervideokey', asset_series_id=57, company_id=5, control_system_type='SQL6', external_id=NULL, gateway_connectivity='NETWORK6', has_gateway=true, room_id=NULL where id=97 and version=0;
update asset set version=2, ac_frequency=100.0, category='Category LASER 6', ce_certified=true, connection_voltage=240.0, construction_date='2019-11-22T18:09:43.817+0100', description='Laser Cutter6', electrical_rating=1.0, guid='394d6ce3-f993-4ea3-aa23-5eb0b3210f67', handbook_key='lascutterhandbookkey', image_key='gskey6', installation_date='2019-11-22T18:09:43.818+0100', max_operating_current=10.0, model_name='NEX Micro Laser Cutter', name='Laser machine 6', protection_class='1c', serial_number='453453', series_name='NEX Laser Cutter', video_key='lascuttervideokey', asset_series_id=57, company_id=5, control_system_type='SQL6', external_id=NULL, gateway_connectivity='NETWORK6', has_gateway=true, room_id=28 where id=97 and version=1;
select nextval ('hibernate_sequence');
insert into asset (version, ac_frequency, category, ce_certified, connection_voltage, construction_date, description, electrical_rating, guid, handbook_key, image_key, installation_date, max_operating_current, model_name, name, protection_class, serial_number, series_name, video_key, asset_series_id, company_id, control_system_type, external_id, gateway_connectivity, has_gateway, room_id, id) values (0, 100.0, 'Laser Cutter', true, 240.0, '2019-11-22T18:09:43.817+0100', 'Laserly Laser Cutter', 1.0, '394d6ce3-f993-4ea3-aa23-5eb0b3210f67', 'lascutterhandbookkey', 'lascutterimagekey', '2019-11-22T18:09:43.818+0100', 10.0, 'NEX Micro Laser Cutter', 'Laserly Laser Cutter', '1c', '453453', 'NEX Laser Cutter', 'lascuttervideokey', 57, 5, NULL, NULL, NULL, NULL, NULL, 98);
update asset set version=1, ac_frequency=100.0, category='Category LASER 7', ce_certified=true, connection_voltage=240.0, construction_date='2019-11-22T18:09:43.817+0100', description='Laser Cutter7', electrical_rating=1.0, guid='394d6ce3-f993-4ea3-aa23-5eb0b3210f67', handbook_key='lascutterhandbookkey', image_key='gskey7', installation_date='2019-11-22T18:09:43.818+0100', max_operating_current=10.0, model_name='NEX Micro Laser Cutter', name='Laser machine 7', protection_class='1c', serial_number='453453', series_name='NEX Laser Cutter', video_key='lascuttervideokey', asset_series_id=57, company_id=5, control_system_type='SQL7', external_id=NULL, gateway_connectivity='NETWORK7', has_gateway=false, room_id=NULL where id=98 and version=0;
update asset set version=2, ac_frequency=100.0, category='Category LASER 7', ce_certified=true, connection_voltage=240.0, construction_date='2019-11-22T18:09:43.817+0100', description='Laser Cutter7', electrical_rating=1.0, guid='394d6ce3-f993-4ea3-aa23-5eb0b3210f67', handbook_key='lascutterhandbookkey', image_key='gskey7', installation_date='2019-11-22T18:09:43.818+0100', max_operating_current=10.0, model_name='NEX Micro Laser Cutter', name='Laser machine 7', protection_class='1c', serial_number='453453', series_name='NEX Laser Cutter', video_key='lascuttervideokey', asset_series_id=57, company_id=5, control_system_type='SQL7', external_id=NULL, gateway_connectivity='NETWORK7', has_gateway=false, room_id=28 where id=98 and version=1;
select nextval ('hibernate_sequence');
insert into asset (version, ac_frequency, category, ce_certified, connection_voltage, construction_date, description, electrical_rating, guid, handbook_key, image_key, installation_date, max_operating_current, model_name, name, protection_class, serial_number, series_name, video_key, asset_series_id, company_id, control_system_type, external_id, gateway_connectivity, has_gateway, room_id, id) values (0, 100.0, 'Laser Cutter', true, 240.0, '2019-11-22T18:09:43.817+0100', 'Laserly Laser Cutter', 1.0, '394d6ce3-f993-4ea3-aa23-5eb0b3210f67', 'lascutterhandbookkey', 'lascutterimagekey', '2019-11-22T18:09:43.818+0100', 10.0, 'NEX Micro Laser Cutter', 'Laserly Laser Cutter', '1c', '453453', 'NEX Laser Cutter', 'lascuttervideokey', 57, 5, NULL, NULL, NULL, NULL, NULL, 99);
update asset set version=1, ac_frequency=100.0, category='Category LASER 8', ce_certified=true, connection_voltage=240.0, construction_date='2019-11-22T18:09:43.817+0100', description='Laser Cutter8', electrical_rating=1.0, guid='394d6ce3-f993-4ea3-aa23-5eb0b3210f67', handbook_key='lascutterhandbookkey', image_key='gskey8', installation_date='2019-11-22T18:09:43.818+0100', max_operating_current=10.0, model_name='NEX Micro Laser Cutter', name='Laser machine 8', protection_class='1c', serial_number='453453', series_name='NEX Laser Cutter', video_key='lascuttervideokey', asset_series_id=57, company_id=5, control_system_type='SQL8', external_id=NULL, gateway_connectivity='NETWORK8', has_gateway=true, room_id=NULL where id=99 and version=0;
update asset set version=2, ac_frequency=100.0, category='Category LASER 8', ce_certified=true, connection_voltage=240.0, construction_date='2019-11-22T18:09:43.817+0100', description='Laser Cutter8', electrical_rating=1.0, guid='394d6ce3-f993-4ea3-aa23-5eb0b3210f67', handbook_key='lascutterhandbookkey', image_key='gskey8', installation_date='2019-11-22T18:09:43.818+0100', max_operating_current=10.0, model_name='NEX Micro Laser Cutter', name='Laser machine 8', protection_class='1c', serial_number='453453', series_name='NEX Laser Cutter', video_key='lascuttervideokey', asset_series_id=57, company_id=5, control_system_type='SQL8', external_id=NULL, gateway_connectivity='NETWORK8', has_gateway=true, room_id=28 where id=99 and version=1;
select nextval ('hibernate_sequence');
insert into asset (version, ac_frequency, category, ce_certified, connection_voltage, construction_date, description, electrical_rating, guid, handbook_key, image_key, installation_date, max_operating_current, model_name, name, protection_class, serial_number, series_name, video_key, asset_series_id, company_id, control_system_type, external_id, gateway_connectivity, has_gateway, room_id, id) values (0, 100.0, 'Laser Cutter', true, 240.0, '2019-11-22T18:09:43.817+0100', 'Laserly Laser Cutter', 1.0, '394d6ce3-f993-4ea3-aa23-5eb0b3210f67', 'lascutterhandbookkey', 'lascutterimagekey', '2019-11-22T18:09:43.818+0100', 10.0, 'NEX Micro Laser Cutter', 'Laserly Laser Cutter', '1c', '453453', 'NEX Laser Cutter', 'lascuttervideokey', 57, 5, NULL, NULL, NULL, NULL, NULL, 100);
update asset set version=1, ac_frequency=100.0, category='Category LASER 9', ce_certified=true, connection_voltage=240.0, construction_date='2019-11-22T18:09:43.817+0100', description='Laser Cutter9', electrical_rating=1.0, guid='394d6ce3-f993-4ea3-aa23-5eb0b3210f67', handbook_key='lascutterhandbookkey', image_key='gskey9', installation_date='2019-11-22T18:09:43.818+0100', max_operating_current=10.0, model_name='NEX Micro Laser Cutter', name='Laser machine 9', protection_class='1c', serial_number='453453', series_name='NEX Laser Cutter', video_key='lascuttervideokey', asset_series_id=57, company_id=5, control_system_type='SQL9', external_id=NULL, gateway_connectivity='NETWORK9', has_gateway=false, room_id=NULL where id=100 and version=0;
update asset set version=2, ac_frequency=100.0, category='Category LASER 9', ce_certified=true, connection_voltage=240.0, construction_date='2019-11-22T18:09:43.817+0100', description='Laser Cutter9', electrical_rating=1.0, guid='394d6ce3-f993-4ea3-aa23-5eb0b3210f67', handbook_key='lascutterhandbookkey', image_key='gskey9', installation_date='2019-11-22T18:09:43.818+0100', max_operating_current=10.0, model_name='NEX Micro Laser Cutter', name='Laser machine 9', protection_class='1c', serial_number='453453', series_name='NEX Laser Cutter', video_key='lascuttervideokey', asset_series_id=57, company_id=5, control_system_type='SQL9', external_id=NULL, gateway_connectivity='NETWORK9', has_gateway=false, room_id=28 where id=100 and version=1;
select nextval ('hibernate_sequence');
insert into asset (version, ac_frequency, category, ce_certified, connection_voltage, construction_date, description, electrical_rating, guid, handbook_key, image_key, installation_date, max_operating_current, model_name, name, protection_class, serial_number, series_name, video_key, asset_series_id, company_id, control_system_type, external_id, gateway_connectivity, has_gateway, room_id, id) values (0, 100.0, 'Laser Cutter', true, 240.0, '2019-11-22T18:09:43.817+0100', 'Laserly Laser Cutter', 1.0, '394d6ce3-f993-4ea3-aa23-5eb0b3210f67', 'lascutterhandbookkey', 'lascutterimagekey', '2019-11-22T18:09:43.818+0100', 10.0, 'NEX Micro Laser Cutter', 'Laserly Laser Cutter', '1c', '453453', 'NEX Laser Cutter', 'lascuttervideokey', 57, 5, NULL, NULL, NULL, NULL, NULL, 101);
update asset set version=1, ac_frequency=100.0, category='Category LASER 10', ce_certified=true, connection_voltage=240.0, construction_date='2019-11-22T18:09:43.817+0100', description='Laser Cutter10', electrical_rating=1.0, guid='394d6ce3-f993-4ea3-aa23-5eb0b3210f67', handbook_key='lascutterhandbookkey', image_key='gskey10', installation_date='2019-11-22T18:09:43.818+0100', max_operating_current=10.0, model_name='NEX Micro Laser Cutter', name='Laser machine 10', protection_class='1c', serial_number='453453', series_name='NEX Laser Cutter', video_key='lascuttervideokey', asset_series_id=57, company_id=5, control_system_type='SQL10', external_id=NULL, gateway_connectivity='NETWORK10', has_gateway=true, room_id=NULL where id=101 and version=0;
update asset set version=2, ac_frequency=100.0, category='Category LASER 10', ce_certified=true, connection_voltage=240.0, construction_date='2019-11-22T18:09:43.817+0100', description='Laser Cutter10', electrical_rating=1.0, guid='394d6ce3-f993-4ea3-aa23-5eb0b3210f67', handbook_key='lascutterhandbookkey', image_key='gskey10', installation_date='2019-11-22T18:09:43.818+0100', max_operating_current=10.0, model_name='NEX Micro Laser Cutter', name='Laser machine 10', protection_class='1c', serial_number='453453', series_name='NEX Laser Cutter', video_key='lascuttervideokey', asset_series_id=57, company_id=5, control_system_type='SQL10', external_id=NULL, gateway_connectivity='NETWORK10', has_gateway=true, room_id=28 where id=101 and version=1;
